1,50,50,50,0,1,0
1,50,50,51,0,1,0
1,50,50,52,0,1,0
1,50,50,53,0,1,0
1,50,50,54,0,1,0
1,50,50,55,0,1,0
1,50,50,56,0,1,0
1,50,50,57,0,1,0
1,50,50,58,0,1,0
1,50,50,59,0,1,0
1,50,50,60,0,1,0
1,50,50,61,0,1,0
1,50,50,62,0,1,0
1,50,50,63,0,1,0
1,50,50,64,0,1,0
1,50,50,65,0,1,0
1,50,50,66,0,1,0
1,50,50,67,0,1,0
1,51,51,69,0,1,0
1,51,51,70,0,1,0
1,51,51,71,0,1,0
1,51,51,72,0,1,0
1,51,51,73,0,1,0
1,51,51,74,0,1,0
1,51,51,75,0,1,0
1,51,51,76,0,1,0
1,51,51,77,0,1,0
1,51,51,78,0,1,0
1,51,51,79,0,1,0
1,51,51,80,0,1,0
1,51,51,81,0,1,0
1,51,51,82,0,1,0
1,51,51,83,0,1,0
1,51,51,84,0,1,0
1,51,51,85,0,1,0
1,51,51,86,0,1,0
1,51,51,87,0,1,0
1,4706,4706,4742,0,1,0
1,4970,4970,5007,0,1,0
1,5222,5222,5260,0,1,0
1,5481,5481,5520,0,1,0
1,5735,5735,5775,0,1,0
1,5991,5991,6032,0,1,0
1,6246,6246,6288,0,1,0
1,6504,6504,6547,0,1,0
1,6769,6769,6813,0,1,0
1,7034,7034,7079,0,1,0
1,7295,7295,7341,0,1,0
1,7566,7566,7613,0,1,0
1,7830,7830,7878,0,1,0
1,8092,8092,8141,0,1,0
1,8356,8356,8406,0,1,0
1,8617,8617,8668,0,1,0
1,8878,8878,8930,0,1,0
1,9141,9141,9194,0,1,0
1,9404,9404,9458,0,1,0
1,9671,9671,9726,0,1,0
1,9939,9939,9995,0,1,0
1,10208,10208,10265,0,1,0
1,10474,10474,10532,0,1,0
1,10733,10733,10792,0,1,0
1,11005,11005,11065,0,1,0
1,11270,11270,11331,0,1,0
1,12896,12896,12957,0,1,0
1,12896,12896,12958,0,1,0
1,12896,12896,12959,0,1,0
1,12896,12896,12960,0,1,0
1,12896,12896,12961,0,1,0
1,12896,12896,12962,0,1,0
1,12896,12896,12963,0,1,0
1,12896,12896,12964,0,1,0
1,12896,12896,12965,0,1,0
1,12896,12896,12966,0,1,0
1,12897,12897,12967,0,1,0
1,12897,12897,12968,0,1,0
1,12897,12897,12969,0,1,0
1,12897,12897,12970,0,1,0
1,12897,12897,12971,0,1,0
1,12897,12897,12972,0,1,0
1,12897,12897,12973,0,1,0
1,12897,12897,12974,0,1,0
1,12897,12897,12975,0,1,0
1,12897,12897,12976,0,1,0
2023-09-13 05:00:54,1,12898,12898,12977,0,1,0
2023-09-13 05:00:59,1,12898,12898,12978,0,1,0
2023-09-13 05:01:04,1,12898,12898,12979,0,1,0
2023-09-13 05:01:09,1,12898,12898,12980,0,1,0
2023-09-13 05:01:14,1,12898,12898,12981,0,1,0
2023-09-13 05:01:19,1,12898,12898,12982,0,1,0
2023-09-13 05:01:24,1,12898,12898,12983,0,1,0
2023-09-13 05:01:29,1,12898,12898,12984,0,1,0
2023-09-13 05:01:34,1,12898,12898,12985,0,1,0
2023-09-13 05:01:39,1,12898,12898,12986,0,1,0
2023-09-13T05:03:05,1,12899,12899,12987,0,1,0
2023-09-13T05:03:10,1,12899,12899,12988,0,1,0
